2022-06-15 17:40:41,332{GMT}	INFO	[jepsen test runner] jepsen.core: Running test:
 {:remote {:session nil},
 :max-txn-length 4,
 :isolation :serializable,
 :concurrency 5,
 :key-count 10,
 :db
 #object[jepsen.mysql.mysql_cluster$db$reify__1702 0x3ea6faf0 "jepsen.mysql.mysql_cluster$db$reify__1702@3ea6faf0"],
 :max-writes-per-key 256,
 :expected-consistency-model :serializable,
 :leave-db-running? false,
 :etcd-version "3.4.3",
 :name "mysql :append S (S)",
 :logging-json? false,
 :start-time
 #object[org.joda.time.DateTime 0x2c846d55 "2022-06-15T17:40:41.000+03:00"],
 :net
 #object[jepsen.net$reify__5520 0x73e25780 "jepsen.net$reify__5520@73e25780"],
 :client nil,
 :barrier
 #object[java.util.concurrent.CyclicBarrier 0x6148827c "java.util.concurrent.CyclicBarrier@6148827c"],
 :pure-generators true,
 :ssh
 {:username "root",
  :password "root",
  :strict-host-key-checking false,
  :private-key-path nil},
 :rate 100,
 :checker
 #object[jepsen.checker$compose$reify__5060 0x289da1bc "jepsen.checker$compose$reify__5060@289da1bc"],
 :nemesis
 #object[jepsen.nemesis$reify__5622 0x1e36baca "jepsen.nemesis$reify__5622@1e36baca"],
 :active-histories #<Atom@5e3d84a: #{}>,
 :nodes ["n1" "n2" "n3" "n4" "n5"],
 :test-count 1,
 :generator
 (gen/concat [(gen/synchronize :fresh (gen/timelimit 60 (gen/concat [(gen/on #{:nemesis} nil) (gen/on #object[clojure.core$complement$fn__5654 0x531299d3 "clojure.core$complement$fn__5654@531299d3"] (gen/delayfn #object[clojure.core$partial$fn__5824 0x3487947c "clojure.core$partial$fn__5824@3487947c"] nil))])))]),
 :os
 #object[jepsen.os.debian.Debian 0x77226121 "jepsen.os.debian.Debian@77226121"],
 :time-limit 60,
 :version "0.16.0"}

2022-06-15 17:40:41,593{GMT}	WARN	[main] jepsen.core: Test crashed!
clojure.lang.ExceptionInfo: throw+: {:dir "/", :private-key-path nil, :password "root", :username "root", :type :jepsen.control/session-error, :port 22, :strict-host-key-checking false, :host nil, :sudo nil, :dummy nil, :message "Error opening SSH session. Verify username, password, and node hostnames are correct.", :session nil}
	at slingshot.support$stack_trace.invoke(support.clj:201) ~[knossos-0.3.6.jar:na]
	at jepsen.control.SSHRemote$fn__3007.invoke(control.clj:342) ~[jepsen-0.1.18.jar:na]
	at jepsen.control.SSHRemote.connect(control.clj:339) ~[jepsen-0.1.18.jar:na]
	at jepsen.control$session$fn__3022.invoke(control.clj:370) ~[jepsen-0.1.18.jar:na]
	at jepsen.reconnect$open_BANG_$fn__2784.invoke(reconnect.clj:59) ~[jepsen-0.1.18.jar:na]
	at jepsen.reconnect$open_BANG_.invokeStatic(reconnect.clj:57) ~[jepsen-0.1.18.jar:na]
	at jepsen.reconnect$open_BANG_.invoke(reconnect.clj:54) ~[jepsen-0.1.18.jar:na]
	at jepsen.control$session.invokeStatic(control.clj:369) ~[jepsen-0.1.18.jar:na]
	at jepsen.control$session.invoke(control.clj:365) ~[jepsen-0.1.18.jar:na]
	at clojure.lang.AFn.applyToHelper(AFn.java:154) ~[clojure-1.10.0.jar:na]
	at clojure.lang.AFn.applyTo(AFn.java:144) ~[clojure-1.10.0.jar:na]
	at clojure.core$apply.invokeStatic(core.clj:665) ~[clojure-1.10.0.jar:na]
	at clojure.core$with_bindings_STAR_.invokeStatic(core.clj:1973) ~[clojure-1.10.0.jar:na]
	at clojure.core$with_bindings_STAR_.doInvoke(core.clj:1973) ~[clojure-1.10.0.jar:na]
	at clojure.lang.RestFn.applyTo(RestFn.java:142) ~[clojure-1.10.0.jar:na]
	at clojure.core$apply.invokeStatic(core.clj:669) ~[clojure-1.10.0.jar:na]
	at clojure.core$bound_fn_STAR_$fn__5734.doInvoke(core.clj:2003) ~[clojure-1.10.0.jar:na]
	at clojure.lang.RestFn.applyTo(RestFn.java:137) ~[clojure-1.10.0.jar:na]
	at clojure.core$apply.invokeStatic(core.clj:665) ~[clojure-1.10.0.jar:na]
	at clojure.core$apply.invoke(core.clj:660) ~[clojure-1.10.0.jar:na]
	at jepsen.util$fcatch$wrapper__2044.doInvoke(util.clj:37) ~[jepsen-0.1.18.jar:na]
	at clojure.lang.RestFn.invoke(RestFn.java:408) ~[clojure-1.10.0.jar:na]
	at dom_top.core$real_pmap_helper$build_thread__214$fn__215.invoke(core.clj:146) ~[jepsen-0.1.18.jar:na]
	at clojure.lang.AFn.applyToHelper(AFn.java:152) ~[clojure-1.10.0.jar:na]
	at clojure.lang.AFn.applyTo(AFn.java:144) ~[clojure-1.10.0.jar:na]
	at clojure.core$apply.invokeStatic(core.clj:665) ~[clojure-1.10.0.jar:na]
	at clojure.core$with_bindings_STAR_.invokeStatic(core.clj:1973) ~[clojure-1.10.0.jar:na]
	at clojure.core$with_bindings_STAR_.doInvoke(core.clj:1973) ~[clojure-1.10.0.jar:na]
	at clojure.lang.RestFn.invoke(RestFn.java:425) ~[clojure-1.10.0.jar:na]
	at clojure.lang.AFn.applyToHelper(AFn.java:156) ~[clojure-1.10.0.jar:na]
	at clojure.lang.RestFn.applyTo(RestFn.java:132) ~[clojure-1.10.0.jar:na]
	at clojure.core$apply.invokeStatic(core.clj:669) ~[clojure-1.10.0.jar:na]
	at clojure.core$bound_fn_STAR_$fn__5734.doInvoke(core.clj:2003) ~[clojure-1.10.0.jar:na]
	at clojure.lang.RestFn.invoke(RestFn.java:397) ~[clojure-1.10.0.jar:na]
	at clojure.lang.AFn.run(AFn.java:22) ~[clojure-1.10.0.jar:na]
	at java.base/java.lang.Thread.run(Thread.java:832) ~[na:na]
Caused by: com.jcraft.jsch.JSchException: java.net.UnknownHostException: n1
	at com.jcraft.jsch.Util.createSocket(Util.java:349) ~[jsch-0.1.53.jar:na]
	at com.jcraft.jsch.Session.connect(Session.java:215) ~[jsch-0.1.53.jar:na]
	at com.jcraft.jsch.Session.connect(Session.java:183) ~[jsch-0.1.53.jar:na]
	at clj_ssh.ssh$fn__2480.invokeStatic(ssh.clj:118) ~[jepsen-0.1.18.jar:na]
	at clj_ssh.ssh$fn__2480.invoke(ssh.clj:115) ~[jepsen-0.1.18.jar:na]
	at clj_ssh.ssh.protocols$fn__2438$G__2405__2447.invoke(protocols.clj:4) ~[jepsen-0.1.18.jar:na]
	at clj_ssh.ssh$connect.invokeStatic(ssh.clj:401) ~[jepsen-0.1.18.jar:na]
	at clj_ssh.ssh$connect.invoke(ssh.clj:397) ~[jepsen-0.1.18.jar:na]
	at jepsen.control$clj_ssh_session.invokeStatic(control.clj:331) ~[jepsen-0.1.18.jar:na]
	at jepsen.control$clj_ssh_session.invoke(control.clj:317) ~[jepsen-0.1.18.jar:na]
	at jepsen.control.SSHRemote$fn__3007.invoke(control.clj:340) ~[jepsen-0.1.18.jar:na]
	... 34 common frames omitted
Caused by: java.net.UnknownHostException: n1
	at java.base/sun.nio.ch.NioSocketImpl.connect(NioSocketImpl.java:567) ~[na:na]
	at java.base/java.net.SocksSocketImpl.connect(SocksSocketImpl.java:333) ~[na:na]
	at java.base/java.net.Socket.connect(Socket.java:648) ~[na:na]
	at java.base/java.net.Socket.connect(Socket.java:597) ~[na:na]
	at java.base/java.net.Socket.<init>(Socket.java:520) ~[na:na]
	at java.base/java.net.Socket.<init>(Socket.java:294) ~[na:na]
	at com.jcraft.jsch.Util.createSocket(Util.java:343) ~[jsch-0.1.53.jar:na]
	... 44 common frames omitted
